2024-06-03 20:22:38 - z: ['dat/C21.txt', 'dat/L21.txt']
2024-06-03 20:22:38 - ld: dat/Locus1.ld
2024-06-03 20:22:38 - save: dat/CL21
2024-06-03 20:22:38 - sigma: 0.99
2024-06-03 20:22:38 - K: 10
2024-06-03 20:22:38 - maxite: 100
2024-06-03 20:22:38 - eps: 0.01
2024-06-03 20:22:38 - ubound: 10000000000.0
2024-06-03 20:22:38 - cthres: 0.95
2024-06-03 20:22:38 - pthres: 0.8
2024-06-03 20:22:38 - **********************************************************************
2024-06-03 20:22:38 - Iteration-->0 . Likelihood: 47.5 . KL_b: -25.9 . KL_c: -0.3 . KL_s: 65.8 . ELBO: 87.1
2024-06-03 20:22:38 - **********************************************************************
2024-06-03 20:22:38 - Iteration-->1 . Likelihood: 46.7 . KL_b: -25.8 . KL_c: -0.3 . KL_s: 66.8 . ELBO: 87.5
2024-06-03 20:22:39 - **********************************************************************
2024-06-03 20:22:39 - Iteration-->2 . Likelihood: 46.6 . KL_b: -25.7 . KL_c: -0.3 . KL_s: 67.0 . ELBO: 87.6
2024-06-03 20:22:39 - **********************************************************************
2024-06-03 20:22:39 - Iteration-->3 . Likelihood: 46.6 . KL_b: -25.7 . KL_c: -0.3 . KL_s: 67.1 . ELBO: 87.7
2024-06-03 20:22:39 - **********************************************************************
2024-06-03 20:22:39 - Iteration-->4 . Likelihood: 46.6 . KL_b: -25.7 . KL_c: -0.3 . KL_s: 67.1 . ELBO: 87.7
2024-06-03 20:22:39 - Attainable coverage for effect groups: [1.   0.89 0.   0.   0.11 0.   0.   0.   0.   0.  ]
2024-06-03 20:22:39 - The 0-th effect group contains effective variants:
2024-06-03 20:22:39 - causal variants: ['rs112819506', 'rs138116565']
2024-06-03 20:22:39 - variant probabilities for this effect group: [0.7293, 0.2573]
2024-06-03 20:22:39 - variant purity for this effect group: 0.986
